Start testing: Oct 06 22:27 BST
----------------------------------------------------------
Unable to find executable: mathsTests
1/1 Testing: MathsTests
1/1 Test: MathsTests
Command: ""
Directory: /Users/jack.nolan/developer/cmake-learning/tests
"MathsTests" start time: 
Output:
----------------------------------------------------------
<end of output>
Test time =   0.00 sec
----------------------------------------------------------
Test Passed.
"MathsTests" end time: Oct 06 22:27 BST
"MathsTests" time elapsed: 00:00:00
----------------------------------------------------------

End testing: Oct 06 22:27 BST
